{"C:\\Users\\aman.dubey\\note-app\\app.js": {"path":"C:\\Users\\aman.dubey\\note-app\\app.js","statementMap":{"0":{"start":{"line":1,"column":16},"end":{"line":1,"column":34}},"1":{"start":{"line":2,"column":19},"end":{"line":2,"column":41}},"2":{"start":{"line":3,"column":20},"end":{"line":3,"column":46}},"3":{"start":{"line":5,"column":17},"end":{"line":5,"column":55}},"4":{"start":{"line":6,"column":17},"end":{"line":6,"column":36}},"5":{"start":{"line":9,"column":12},"end":{"line":9,"column":21}},"6":{"start":{"line":12,"column":0},"end":{"line":12,"column":50}},"7":{"start":{"line":15,"column":0},"end":{"line":15,"column":26}},"8":{"start":{"line":18,"column":0},"end":{"line":18,"column":34}},"9":{"start":{"line":19,"column":0},"end":{"line":23,"column":2}},"10":{"start":{"line":22,"column":4},"end":{"line":22,"column":58}},"11":{"start":{"line":25,"column":0},"end":{"line":30,"column":3}},"12":{"start":{"line":26,"column":4},"end":{"line":26,"column":54}},"13":{"start":{"line":27,"column":4},"end":{"line":27,"column":115}},"14":{"start":{"line":28,"column":4},"end":{"line":28,"column":85}},"15":{"start":{"line":29,"column":4},"end":{"line":29,"column":11}},"16":{"start":{"line":31,"column":0},"end":{"line":31,"column":35}},"17":{"start":{"line":34,"column":0},"end":{"line":36,"column":3}},"18":{"start":{"line":35,"column":4},"end":{"line":35,"column":52}},"19":{"start":{"line":38,"column":0},"end":{"line":38,"column":21}}},"fnMap":{"0":{"name":"(anonymous_0)","decl":{"start":{"line":21,"column":8},"end":{"line":21,"column":9}},"loc":{"start":{"line":21,"column":14},"end":{"line":23,"column":1}},"line":21},"1":{"name":"(anonymous_1)","decl":{"start":{"line":25,"column":8},"end":{"line":25,"column":9}},"loc":{"start":{"line":25,"column":28},"end":{"line":30,"column":1}},"line":25},"2":{"name":"(anonymous_2)","decl":{"start":{"line":34,"column":17},"end":{"line":34,"column":18}},"loc":{"start":{"line":34,"column":23},"end":{"line":36,"column":1}},"line":34}},"branchMap":{},"s":{"0":1,"1":1,"2":1,"3":1,"4":1,"5":1,"6":1,"7":1,"8":1,"9":1,"10":1,"11":1,"12":14,"13":14,"14":14,"15":14,"16":1,"17":1,"18":1,"19":1},"f":{"0":1,"1":14,"2":1},"b":{},"_coverageSchema":"1a1c01bbd47fc00a2c39e90264f33305004495a9","hash":"86ef8350d1515a870efeada7262276384bc86911"}
,"C:\\Users\\aman.dubey\\note-app\\config\\database.config.js": {"path":"C:\\Users\\aman.dubey\\note-app\\config\\database.config.js","statementMap":{"0":{"start":{"line":2,"column":0},"end":{"line":4,"column":1}}},"fnMap":{},"branchMap":{},"s":{"0":1},"f":{},"b":{},"_coverageSchema":"1a1c01bbd47fc00a2c39e90264f33305004495a9","hash":"b44e0872454209014035925f7f7b794c90a281ac"}
,"C:\\Users\\aman.dubey\\note-app\\models\\notes.js": {"path":"C:\\Users\\aman.dubey\\note-app\\models\\notes.js","statementMap":{"0":{"start":{"line":1,"column":17},"end":{"line":1,"column":36}},"1":{"start":{"line":4,"column":19},"end":{"line":12,"column":2}},"2":{"start":{"line":14,"column":0},"end":{"line":14,"column":52}}},"fnMap":{},"branchMap":{},"s":{"0":1,"1":1,"2":1},"f":{},"b":{},"_coverageSchema":"1a1c01bbd47fc00a2c39e90264f33305004495a9","hash":"85c8fee989f80d756572e70efa556386a8ee6d8c"}
,"C:\\Users\\aman.dubey\\note-app\\routes\\routes.js": {"path":"C:\\Users\\aman.dubey\\note-app\\routes\\routes.js","statementMap":{"0":{"start":{"line":1,"column":13},"end":{"line":1,"column":42}},"1":{"start":{"line":2,"column":16},"end":{"line":2,"column":34}},"2":{"start":{"line":3,"column":15},"end":{"line":3,"column":32}},"3":{"start":{"line":4,"column":17},"end":{"line":4,"column":36}},"4":{"start":{"line":5,"column":15},"end":{"line":5,"column":31}},"5":{"start":{"line":8,"column":0},"end":{"line":22,"column":2}},"6":{"start":{"line":9,"column":17},"end":{"line":15,"column":6}},"7":{"start":{"line":18,"column":4},"end":{"line":21,"column":10}},"8":{"start":{"line":20,"column":12},"end":{"line":20,"column":27}},"9":{"start":{"line":25,"column":0},"end":{"line":30,"column":3}},"10":{"start":{"line":26,"column":4},"end":{"line":29,"column":10}},"11":{"start":{"line":28,"column":12},"end":{"line":28,"column":28}},"12":{"start":{"line":33,"column":0},"end":{"line":51,"column":2}},"13":{"start":{"line":34,"column":18},"end":{"line":34,"column":33}},"14":{"start":{"line":35,"column":19},"end":{"line":35,"column":37}},"15":{"start":{"line":36,"column":4},"end":{"line":50,"column":6}},"16":{"start":{"line":37,"column":8},"end":{"line":49,"column":9}},"17":{"start":{"line":38,"column":12},"end":{"line":44,"column":13}},"18":{"start":{"line":39,"column":16},"end":{"line":39,"column":31}},"19":{"start":{"line":41,"column":16},"end":{"line":43,"column":18}},"20":{"start":{"line":46,"column":12},"end":{"line":48,"column":14}},"21":{"start":{"line":54,"column":0},"end":{"line":73,"column":2}},"22":{"start":{"line":55,"column":18},"end":{"line":55,"column":33}},"23":{"start":{"line":56,"column":19},"end":{"line":56,"column":37}},"24":{"start":{"line":57,"column":19},"end":{"line":57,"column":36}},"25":{"start":{"line":58,"column":4},"end":{"line":72,"column":6}},"26":{"start":{"line":59,"column":8},"end":{"line":71,"column":9}},"27":{"start":{"line":60,"column":12},"end":{"line":66,"column":13}},"28":{"start":{"line":61,"column":16},"end":{"line":61,"column":31}},"29":{"start":{"line":63,"column":16},"end":{"line":65,"column":18}},"30":{"start":{"line":68,"column":12},"end":{"line":70,"column":14}},"31":{"start":{"line":76,"column":0},"end":{"line":108,"column":2}},"32":{"start":{"line":77,"column":16},"end":{"line":77,"column":54}},"33":{"start":{"line":79,"column":18},"end":{"line":79,"column":33}},"34":{"start":{"line":80,"column":19},"end":{"line":80,"column":37}},"35":{"start":{"line":81,"column":19},"end":{"line":81,"column":36}},"36":{"start":{"line":82,"column":18},"end":{"line":82,"column":32}},"37":{"start":{"line":83,"column":24},"end":{"line":83,"column":44}},"38":{"start":{"line":85,"column":4},"end":{"line":107,"column":6}},"39":{"start":{"line":86,"column":8},"end":{"line":106,"column":9}},"40":{"start":{"line":87,"column":12},"end":{"line":100,"column":13}},"41":{"start":{"line":88,"column":16},"end":{"line":95,"column":18}},"42":{"start":{"line":97,"column":16},"end":{"line":99,"column":18}},"43":{"start":{"line":103,"column":12},"end":{"line":105,"column":14}},"44":{"start":{"line":111,"column":0},"end":{"line":140,"column":2}},"45":{"start":{"line":112,"column":16},"end":{"line":112,"column":54}},"46":{"start":{"line":113,"column":18},"end":{"line":113,"column":33}},"47":{"start":{"line":114,"column":19},"end":{"line":114,"column":37}},"48":{"start":{"line":115,"column":19},"end":{"line":115,"column":36}},"49":{"start":{"line":117,"column":4},"end":{"line":139,"column":6}},"50":{"start":{"line":118,"column":8},"end":{"line":138,"column":9}},"51":{"start":{"line":119,"column":12},"end":{"line":132,"column":13}},"52":{"start":{"line":120,"column":16},"end":{"line":127,"column":18}},"53":{"start":{"line":129,"column":16},"end":{"line":131,"column":18}},"54":{"start":{"line":135,"column":12},"end":{"line":137,"column":14}},"55":{"start":{"line":142,"column":0},"end":{"line":142,"column":24}}},"fnMap":{"0":{"name":"(anonymous_0)","decl":{"start":{"line":8,"column":23},"end":{"line":8,"column":24}},"loc":{"start":{"line":8,"column":37},"end":{"line":22,"column":1}},"line":8},"1":{"name":"(anonymous_1)","decl":{"start":{"line":19,"column":14},"end":{"line":19,"column":15}},"loc":{"start":{"line":19,"column":22},"end":{"line":21,"column":9}},"line":19},"2":{"name":"(anonymous_2)","decl":{"start":{"line":25,"column":23},"end":{"line":25,"column":24}},"loc":{"start":{"line":25,"column":37},"end":{"line":30,"column":1}},"line":25},"3":{"name":"(anonymous_3)","decl":{"start":{"line":27,"column":14},"end":{"line":27,"column":15}},"loc":{"start":{"line":27,"column":23},"end":{"line":29,"column":9}},"line":27},"4":{"name":"(anonymous_4)","decl":{"start":{"line":33,"column":20},"end":{"line":33,"column":21}},"loc":{"start":{"line":33,"column":34},"end":{"line":51,"column":1}},"line":33},"5":{"name":"(anonymous_5)","decl":{"start":{"line":36,"column":40},"end":{"line":36,"column":41}},"loc":{"start":{"line":36,"column":50},"end":{"line":50,"column":5}},"line":36},"6":{"name":"(anonymous_6)","decl":{"start":{"line":54,"column":28},"end":{"line":54,"column":29}},"loc":{"start":{"line":54,"column":42},"end":{"line":73,"column":1}},"line":54},"7":{"name":"(anonymous_7)","decl":{"start":{"line":58,"column":40},"end":{"line":58,"column":41}},"loc":{"start":{"line":58,"column":50},"end":{"line":72,"column":5}},"line":58},"8":{"name":"(anonymous_8)","decl":{"start":{"line":76,"column":30},"end":{"line":76,"column":31}},"loc":{"start":{"line":76,"column":44},"end":{"line":108,"column":1}},"line":76},"9":{"name":"(anonymous_9)","decl":{"start":{"line":85,"column":120},"end":{"line":85,"column":121}},"loc":{"start":{"line":85,"column":132},"end":{"line":107,"column":5}},"line":85},"10":{"name":"(anonymous_10)","decl":{"start":{"line":111,"column":33},"end":{"line":111,"column":34}},"loc":{"start":{"line":111,"column":47},"end":{"line":140,"column":1}},"line":111},"11":{"name":"(anonymous_11)","decl":{"start":{"line":117,"column":49},"end":{"line":117,"column":50}},"loc":{"start":{"line":117,"column":61},"end":{"line":139,"column":5}},"line":117}},"branchMap":{"0":{"loc":{"start":{"line":37,"column":8},"end":{"line":49,"column":9}},"type":"if","locations":[{"start":{"line":37,"column":8},"end":{"line":49,"column":9}},{"start":{"line":37,"column":8},"end":{"line":49,"column":9}}],"line":37},"1":{"loc":{"start":{"line":38,"column":12},"end":{"line":44,"column":13}},"type":"if","locations":[{"start":{"line":38,"column":12},"end":{"line":44,"column":13}},{"start":{"line":38,"column":12},"end":{"line":44,"column":13}}],"line":38},"2":{"loc":{"start":{"line":38,"column":16},"end":{"line":38,"column":62}},"type":"binary-expr","locations":[{"start":{"line":38,"column":16},"end":{"line":38,"column":38}},{"start":{"line":38,"column":42},"end":{"line":38,"column":62}}],"line":38},"3":{"loc":{"start":{"line":59,"column":8},"end":{"line":71,"column":9}},"type":"if","locations":[{"start":{"line":59,"column":8},"end":{"line":71,"column":9}},{"start":{"line":59,"column":8},"end":{"line":71,"column":9}}],"line":59},"4":{"loc":{"start":{"line":60,"column":12},"end":{"line":66,"column":13}},"type":"if","locations":[{"start":{"line":60,"column":12},"end":{"line":66,"column":13}},{"start":{"line":60,"column":12},"end":{"line":66,"column":13}}],"line":60},"5":{"loc":{"start":{"line":60,"column":16},"end":{"line":60,"column":62}},"type":"binary-expr","locations":[{"start":{"line":60,"column":16},"end":{"line":60,"column":38}},{"start":{"line":60,"column":42},"end":{"line":60,"column":62}}],"line":60},"6":{"loc":{"start":{"line":86,"column":8},"end":{"line":106,"column":9}},"type":"if","locations":[{"start":{"line":86,"column":8},"end":{"line":106,"column":9}},{"start":{"line":86,"column":8},"end":{"line":106,"column":9}}],"line":86},"7":{"loc":{"start":{"line":87,"column":12},"end":{"line":100,"column":13}},"type":"if","locations":[{"start":{"line":87,"column":12},"end":{"line":100,"column":13}},{"start":{"line":87,"column":12},"end":{"line":100,"column":13}}],"line":87},"8":{"loc":{"start":{"line":118,"column":8},"end":{"line":138,"column":9}},"type":"if","locations":[{"start":{"line":118,"column":8},"end":{"line":138,"column":9}},{"start":{"line":118,"column":8},"end":{"line":138,"column":9}}],"line":118},"9":{"loc":{"start":{"line":119,"column":12},"end":{"line":132,"column":13}},"type":"if","locations":[{"start":{"line":119,"column":12},"end":{"line":132,"column":13}},{"start":{"line":119,"column":12},"end":{"line":132,"column":13}}],"line":119}},"s":{"0":1,"1":1,"2":1,"3":1,"4":1,"5":1,"6":1,"7":1,"8":1,"9":1,"10":1,"11":1,"12":1,"13":3,"14":3,"15":3,"16":3,"17":2,"18":1,"19":1,"20":1,"21":1,"22":3,"23":3,"24":3,"25":3,"26":3,"27":2,"28":1,"29":1,"30":1,"31":1,"32":3,"33":3,"34":3,"35":3,"36":3,"37":3,"38":3,"39":3,"40":2,"41":1,"42":1,"43":1,"44":1,"45":3,"46":3,"47":3,"48":3,"49":3,"50":3,"51":2,"52":1,"53":1,"54":1,"55":1},"f":{"0":1,"1":1,"2":1,"3":1,"4":3,"5":3,"6":3,"7":3,"8":3,"9":3,"10":3,"11":3},"b":{"0":[2,1],"1":[1,1],"2":[2,1],"3":[2,1],"4":[1,1],"5":[2,1],"6":[2,1],"7":[1,1],"8":[2,1],"9":[1,1]},"_coverageSchema":"1a1c01bbd47fc00a2c39e90264f33305004495a9","hash":"df18a71bec69bcef8008b18d88b50e34c3f2f056"}
}
