TN:
SF:app.js
FN:21,(anonymous_0)
FN:25,(anonymous_1)
FN:34,(anonymous_2)
FNF:3
FNH:3
FNDA:1,(anonymous_0)
FNDA:14,(anonymous_1)
FNDA:1,(anonymous_2)
DA:1,1
DA:2,1
DA:3,1
DA:5,1
DA:6,1
DA:9,1
DA:12,1
DA:15,1
DA:18,1
DA:19,1
DA:22,1
DA:25,1
DA:26,14
DA:27,14
DA:28,14
DA:29,14
DA:31,1
DA:34,1
DA:35,1
DA:38,1
LF:20
LH:20
BRF:0
BRH:0
end_of_record
TN:
SF:config\database.config.js
FNF:0
FNH:0
DA:2,1
LF:1
LH:1
BRF:0
BRH:0
end_of_record
TN:
SF:models\notes.js
FNF:0
FNH:0
DA:1,1
DA:4,1
DA:14,1
LF:3
LH:3
BRF:0
BRH:0
end_of_record
TN:
SF:routes\routes.js
FN:8,(anonymous_0)
FN:19,(anonymous_1)
FN:25,(anonymous_2)
FN:27,(anonymous_3)
FN:33,(anonymous_4)
FN:36,(anonymous_5)
FN:54,(anonymous_6)
FN:58,(anonymous_7)
FN:76,(anonymous_8)
FN:85,(anonymous_9)
FN:111,(anonymous_10)
FN:117,(anonymous_11)
FNF:12
FNH:12
FNDA:1,(anonymous_0)
FNDA:1,(anonymous_1)
FNDA:1,(anonymous_2)
FNDA:1,(anonymous_3)
FNDA:3,(anonymous_4)
FNDA:3,(anonymous_5)
FNDA:3,(anonymous_6)
FNDA:3,(anonymous_7)
FNDA:3,(anonymous_8)
FNDA:3,(anonymous_9)
FNDA:3,(anonymous_10)
FNDA:3,(anonymous_11)
DA:1,1
DA:2,1
DA:3,1
DA:4,1
DA:5,1
DA:8,1
DA:9,1
DA:18,1
DA:20,1
DA:25,1
DA:26,1
DA:28,1
DA:33,1
DA:34,3
DA:35,3
DA:36,3
DA:37,3
DA:38,2
DA:39,1
DA:41,1
DA:46,1
DA:54,1
DA:55,3
DA:56,3
DA:57,3
DA:58,3
DA:59,3
DA:60,2
DA:61,1
DA:63,1
DA:68,1
DA:76,1
DA:77,3
DA:79,3
DA:80,3
DA:81,3
DA:82,3
DA:83,3
DA:85,3
DA:86,3
DA:87,2
DA:88,1
DA:97,1
DA:103,1
DA:111,1
DA:112,3
DA:113,3
DA:114,3
DA:115,3
DA:117,3
DA:118,3
DA:119,2
DA:120,1
DA:129,1
DA:135,1
DA:142,1
LF:56
LH:56
BRDA:37,0,0,2
BRDA:37,0,1,1
BRDA:38,1,0,1
BRDA:38,1,1,1
BRDA:38,2,0,2
BRDA:38,2,1,1
BRDA:59,3,0,2
BRDA:59,3,1,1
BRDA:60,4,0,1
BRDA:60,4,1,1
BRDA:60,5,0,2
BRDA:60,5,1,1
BRDA:86,6,0,2
BRDA:86,6,1,1
BRDA:87,7,0,1
BRDA:87,7,1,1
BRDA:118,8,0,2
BRDA:118,8,1,1
BRDA:119,9,0,1
BRDA:119,9,1,1
BRF:20
BRH:20
end_of_record
